<?xml version="1.0" encoding="UTF-8"?>
<testsuite xmlns:xsi="http://www.w3.org/2001/XMLSchema-instance" xsi:noNamespaceSchemaLocation="https://maven.apache.org/surefire/maven-surefire-plugin/xsd/surefire-test-report-3.0.xsd" version="3.0" name="App.tests.CalculatorTest" time="211.05" tests="4" errors="0" skipped="0" failures="0">
  <properties>
[...]
</properties>
  <testcase name="ValidateQualityControlStationScore" classname="App.tests.CalculatorTest" time="73.121">
    <system-out><![CDATA[--------------------------------------------
*** Machine: Quality Control Station
Part: Software Version, Part Value: v2.0
Part: Criteria Settings, Part Value: 1
Part: Camera Calibration, Part Value: 1
Part: Light Intensity, Part Value: 95.0
Factory Health Score: 75.00
Machine Health Score: 75.00
*** TEST PASSED ***
]]></system-out>
  </testcase>
  <testcase name="ValidatePaintingStationScore" classname="App.tests.CalculatorTest" time="40.0">
    <system-out><![CDATA[--------------------------------------------
*** Machine: PaintingStation
Part: Flow Rate, Part Value: 11.0
Part: Color Consistency, Part Value: 92.0
Part: Nozzle Condition, Part Value: 0.5
Part: Pressure, Part Value: 60.0
Factory Health Score: 86.25
Machine Health Score: 86.25
*** TEST PASSED ***
]]></system-out>
  </testcase>
  <testcase name="ValidateAssemblyLineScore" classname="App.tests.CalculatorTest" time="38.895">
    <system-out><![CDATA[--------------------------------------------
*** Machine: Assembly Line
Part: Fitting Tolerance, Part Value: 0.05
Part: Speed, Part Value: 10.0
Part: Belt Speed, Part Value: 1.5
Part: Alignment Accuracy, Part Value: 1.0
Factory Health Score: 93.75
Machine Health Score: 93.75
*** TEST PASSED ***
]]></system-out>
  </testcase>
  <testcase name="ValidateWeldingMachineScore" classname="App.tests.CalculatorTest" time="58.912">
    <system-out><![CDATA[--------------------------------------------
*** Machine: Welding Robot
Part: Arc Stability, Part Value: 95.0
Part: Wire Feed Rate, Part Value: 10.0
Part: Cooling Efficiency, Part Value: 90.00
Part: Shielding Pressure, Part Value: 15.0
Part: Seam Width, Part Value: 2.0
Part: Vibration Level, Part Value: 5.0
Part: Electrode Wear, Part Value: 1.0
Factory Health Score: 100.00
Machine Health Score: 100.00
*** TEST PASSED ***
]]></system-out>
  </testcase>
</testsuite>